<?xml version="1.0" encoding="UTF-8"?>
<!-- Generated by org.testng.reporters.JUnitReportReporter -->
<testsuite hostname="5CD202FMYW" failures="0" tests="9" name="TestNgPack2.PriorityClass" time="0.045" errors="0" timestamp="2023-01-21T02:20:57 IST" skipped="0">
  <testcase classname="TestNgPack2.PriorityClass" name="p" time="0.025"/>
  <system-out>
    <![CDATA[p]]>
  </system-out>
  <testcase classname="TestNgPack2.PriorityClass" name="a" time="0.003"/>
  <system-out>
    <![CDATA[a]]>
  </system-out>
  <testcase classname="TestNgPack2.PriorityClass" name="g" time="0.004"/>
  <system-out>
    <![CDATA[g]]>
  </system-out>
  <testcase classname="TestNgPack2.PriorityClass" name="k" time="0.003"/>
  <system-out>
    <![CDATA[k]]>
  </system-out>
  <testcase classname="TestNgPack2.PriorityClass" name="i" time="0.001"/>
  <system-out>
    <![CDATA[i]]>
  </system-out>
  <testcase classname="TestNgPack2.PriorityClass" name="o" time="0.002"/>
  <system-out>
    <![CDATA[o]]>
  </system-out>
  <testcase classname="TestNgPack2.PriorityClass" name="h" time="0.002"/>
  <system-out>
    <![CDATA[h]]>
  </system-out>
  <testcase classname="TestNgPack2.PriorityClass" name="j" time="0.003"/>
  <system-out>
    <![CDATA[j]]>
  </system-out>
  <testcase classname="TestNgPack2.PriorityClass" name="z" time="0.002"/>
  <system-out>
    <![CDATA[z]]>
  </system-out>
</testsuite> <!-- TestNgPack2.PriorityClass -->
