<?xml version="1.0" encoding="UTF-8"?>
<!-- Generated by org.testng.reporters.JUnitReportReporter -->
<testsuite hostname="5CD202FMYW" failures="0" tests="3" name="testNGPack.Demo" time="0.016" errors="0" timestamp="2023-01-20T01:42:43 IST" skipped="0">
  <testcase classname="testNGPack.Demo" name="demo" time="0.012"/>
  <system-out>
    <![CDATA[ramling!!!!!!!]]>
  </system-out>
  <testcase classname="testNGPack.Demo" name="demo2" time="0.002"/>
  <system-out>
    <![CDATA[This is demo1 method]]>
  </system-out>
  <testcase classname="testNGPack.Demo" name="demo1" time="0.002"/>
  <system-out>
    <![CDATA[This is demo1 method]]>
  </system-out>
</testsuite> <!-- testNGPack.Demo -->
