<?xml version="1.0" encoding="UTF-8"?>
<!-- Generated by org.testng.reporters.JUnitReportReporter -->
<testsuite hostname="5CD202FMYW" failures="0" tests="10" name="TestNgPack2.Flag3" time="14.007" errors="0" timestamp="2023-01-26T13:42:20 IST" skipped="0">
  <testcase classname="TestNgPack2.Flag3" name="Flag3" time="1.301"/>
  <system-out/>
  <testcase classname="TestNgPack2.Flag3" name="Flag3" time="1.092"/>
  <system-out/>
  <testcase classname="TestNgPack2.Flag3" name="Flag3" time="1.125"/>
  <system-out/>
  <testcase classname="TestNgPack2.Flag3" name="Flag3" time="1.146"/>
  <system-out/>
  <testcase classname="TestNgPack2.Flag3" name="Flag3" time="3.150"/>
  <system-out/>
  <testcase classname="TestNgPack2.Flag3" name="Flag3" time="1.239"/>
  <system-out/>
  <testcase classname="TestNgPack2.Flag3" name="Flag3" time="1.173"/>
  <system-out/>
  <testcase classname="TestNgPack2.Flag3" name="Flag3" time="1.494"/>
  <system-out/>
  <testcase classname="TestNgPack2.Flag3" name="Flag3" time="1.114"/>
  <system-out/>
  <testcase classname="TestNgPack2.Flag3" name="Flag3" time="1.173"/>
  <system-out/>
</testsuite> <!-- TestNgPack2.Flag3 -->
