<?xml version="1.0" encoding="UTF-8"?>
<!-- Generated by org.testng.reporters.JUnitReportReporter -->
<testsuite hostname="5CD202FMYW" failures="0" tests="1" name="TestNgPack2.Flag4" time="0.013" errors="0" timestamp="2023-01-20T02:53:17 IST" skipped="0">
  <testcase classname="TestNgPack2.Flag4" name="loginmethod" time="0.013"/>
  <system-out>
    <![CDATA[login is perform]]>
  </system-out>
</testsuite> <!-- TestNgPack2.Flag4 -->
