<?xml version="1.0" encoding="UTF-8"?>
<!-- Generated by org.testng.reporters.JUnitReportReporter -->
<testsuite hostname="5CD202FMYW" failures="0" tests="12" name="TestNgPack2.Flag6" time="0.065" errors="0" timestamp="2023-01-23T03:37:23 IST" skipped="0">
  <testcase classname="TestNgPack2.Flag6" name="it4" time="0.002"/>
  <system-out>
    <![CDATA[IntigrationTesting4]]>
  </system-out>
  <testcase classname="TestNgPack2.Flag6" name="ft3" time="0.010"/>
  <system-out>
    <![CDATA[Functional Testing3]]>
  </system-out>
  <testcase classname="TestNgPack2.Flag6" name="st4" time="0.004"/>
  <system-out>
    <![CDATA[System Testing4]]>
  </system-out>
  <testcase classname="TestNgPack2.Flag6" name="ft4" time="0.002"/>
  <system-out>
    <![CDATA[Functional Testing4]]>
  </system-out>
  <testcase classname="TestNgPack2.Flag6" name="it2" time="0.003"/>
  <system-out>
    <![CDATA[IntigrationTesting2]]>
  </system-out>
  <testcase classname="TestNgPack2.Flag6" name="ft1" time="0.024"/>
  <system-out>
    <![CDATA[Functional Testing1]]>
  </system-out>
  <testcase classname="TestNgPack2.Flag6" name="st3" time="0.002"/>
  <system-out>
    <![CDATA[System Testing3]]>
  </system-out>
  <testcase classname="TestNgPack2.Flag6" name="it3" time="0.007"/>
  <system-out>
    <![CDATA[Intigration Testing3]]>
  </system-out>
  <testcase classname="TestNgPack2.Flag6" name="st2" time="0.002"/>
  <system-out>
    <![CDATA[System Testing2]]>
  </system-out>
  <testcase classname="TestNgPack2.Flag6" name="ft2" time="0.002"/>
  <system-out>
    <![CDATA[Functional Testing2]]>
  </system-out>
  <testcase classname="TestNgPack2.Flag6" name="it1" time="0.004"/>
  <system-out>
    <![CDATA[Intigration Testing1]]>
  </system-out>
  <testcase classname="TestNgPack2.Flag6" name="st1" time="0.003"/>
  <system-out>
    <![CDATA[System Testing1]]>
  </system-out>
</testsuite> <!-- TestNgPack2.Flag6 -->
