<?xml version="1.0" encoding="UTF-8"?>
<!-- Generated by org.testng.reporters.JUnitReportReporter -->
<testsuite hostname="5CD202FMYW" failures="0" tests="1" name="testNGPack.Remo" time="0.001" errors="0" timestamp="2023-01-20T01:42:43 IST" skipped="0">
  <testcase classname="testNGPack.Remo" name="remo" time="0.001"/>
  <system-out>
    <![CDATA[remo1]]>
  </system-out>
</testsuite> <!-- testNGPack.Remo -->
