<?xml version="1.0" encoding="UTF-8"?>
<!-- Generated by org.testng.reporters.JUnitReportReporter -->
<testsuite hostname="5CD202FMYW" failures="0" tests="1" name="TestNgPack2.Class2" time="10.088" errors="0" timestamp="2023-01-20T02:23:00 IST" skipped="0">
  <testcase classname="TestNgPack2.Class2" name="manual" time="10.088"/>
  <system-out/>
</testsuite> <!-- TestNgPack2.Class2 -->
