<?xml version="1.0" encoding="UTF-8"?>
<!-- Generated by org.testng.reporters.JUnitReportReporter -->
<testsuite hostname="5CD202FMYW" failures="0" tests="1" name="TestNgPack2.Class1" time="5.788" errors="0" timestamp="2023-01-20T02:18:42 IST" skipped="0">
  <testcase classname="TestNgPack2.Class1" name="sql" time="5.788"/>
  <system-out>
    <![CDATA[method of class1!!!]]>
  </system-out>
</testsuite> <!-- TestNgPack2.Class1 -->
