<?xml version="1.0" encoding="UTF-8"?>
<!-- Generated by org.testng.reporters.JUnitReportReporter -->
<testsuite hostname="5CD202FMYW" failures="0" tests="1" name="testNGParallelExicution.TestNG1" time="0.022" errors="0" timestamp="2023-01-23T02:01:24 IST" skipped="0">
  <testcase classname="testNGParallelExicution.TestNG1" name="m1" time="0.022"/>
  <system-out>
    <![CDATA[method m1]]>
  </system-out>
</testsuite> <!-- testNGParallelExicution.TestNG1 -->
