<?xml version="1.0" encoding="UTF-8"?>
<!-- Generated by org.testng.reporters.JUnitReportReporter -->
<testsuite hostname="5CD202FMYW" failures="0" tests="1" name="testNGPack.Sumo" time="0.002" errors="0" timestamp="2023-01-20T01:42:43 IST" skipped="0">
  <testcase classname="testNGPack.Sumo" name="sumo" time="0.002"/>
  <system-out>
    <![CDATA[sumo1]]>
  </system-out>
</testsuite> <!-- testNGPack.Sumo -->
