<?xml version="1.0" encoding="UTF-8"?>
<!-- Generated by org.testng.reporters.JUnitReportReporter -->
<testsuite hostname="5CD202FMYW" failures="0" tests="1" name="testNGParallelExicution.TestNg2" time="0.022" errors="0" timestamp="2023-01-23T02:01:24 IST" skipped="0">
  <testcase classname="testNGParallelExicution.TestNg2" name="m2" time="0.022"/>
  <system-out>
    <![CDATA[method m2]]>
  </system-out>
</testsuite> <!-- testNGParallelExicution.TestNg2 -->
