<?xml version="1.0" encoding="UTF-8"?>
<!-- Generated by org.testng.reporters.JUnitReportReporter -->
<testsuite hostname="5CD202FMYW" failures="0" tests="1" name="TestNgPack2.Class3" time="31.244" errors="0" timestamp="2023-01-20T02:06:59 IST" skipped="0">
  <testcase classname="TestNgPack2.Class3" name="java" time="31.244"/>
  <system-out/>
</testsuite> <!-- TestNgPack2.Class3 -->
